This file contains any messages produced by compilers while
running configure, to aid debugging if configure makes a mistake.

It was created by BayesSurv configure 0.0-1, which was
generated by GNU Autoconf 2.71.  Invocation command line was

  $ ./configure

## --------- ##
## Platform. ##
## --------- ##

hostname = eduroam-193-157-193-66.wlan.uio.no
uname -m = arm64
uname -r = 23.4.0
uname -s = Darwin
uname -v = Darwin Kernel Version 23.4.0: Wed Feb 21 21:44:54 PST 2024; root:xnu-10063.101.15~2/RELEASE_ARM64_T6030

/usr/bin/uname -p = arm
/bin/uname -X     = unknown

/bin/arch              = unknown
/usr/bin/arch -k       = unknown
/usr/convex/getsysinfo = unknown
/usr/bin/hostinfo      = Mach kernel version:
	 Darwin Kernel Version 23.4.0: Wed Feb 21 21:44:54 PST 2024; root:xnu-10063.101.15~2/RELEASE_ARM64_T6030
Kernel configured for up to 11 processors.
11 processors are physically available.
11 processors are logically available.
Processor type: arm64e (ARM64E)
Processors active: 0 1 2 3 4 5 6 7 8 9 10
Primary memory available: 18.00 gigabytes
Default processor set: 530 tasks, 2218 threads, 11 processors
Load average: 2.06, Mach factor: 8.92
/bin/machine           = unknown
/usr/bin/oslevel       = unknown
/bin/universe          = unknown

PATH: /opt/homebrew/bin/
PATH: /opt/homebrew/bin/
PATH: /opt/homebrew/sbin/
PATH: /usr/local/bin/
PATH: /System/Cryptexes/App/usr/bin/
PATH: /usr/bin/
PATH: /bin/
PATH: /usr/sbin/
PATH: /sbin/
PATH: /var/run/com.apple.security.cryptexd/codex.system/bootstrap/usr/local/bin/
PATH: /var/run/com.apple.security.cryptexd/codex.system/bootstrap/usr/bin/
PATH: /var/run/com.apple.security.cryptexd/codex.system/bootstrap/usr/appleinternal/bin/
PATH: /Library/Apple/usr/bin/
PATH: /Library/TeX/texbin/
PATH: /usr/local/munki/
PATH: /Applications/quarto/bin/
PATH: /Users/zhiz/Applications/quarto/bin/
PATH: /usr/texbin/
PATH: /Applications/RStudio.app/Contents/Resources/app/bin/postback/


## ----------- ##
## Core tests. ##
## ----------- ##

configure:2199: checking for C++ compiler version
configure:2208: clang++ -arch arm64 -std=gnu++17 --version >&5
Apple clang version 15.0.0 (clang-1500.3.9.4)
Target: arm64-apple-darwin23.4.0
Thread model: posix
InstalledDir: /Library/Developer/CommandLineTools/usr/bin
configure:2219: $? = 0
configure:2208: clang++ -arch arm64 -std=gnu++17 -v >&5
Apple clang version 15.0.0 (clang-1500.3.9.4)
Target: arm64-apple-darwin23.4.0
Thread model: posix
InstalledDir: /Library/Developer/CommandLineTools/usr/bin
configure:2219: $? = 0
configure:2208: clang++ -arch arm64 -std=gnu++17 -V >&5
clang: error: argument to '-V' is missing (expected 1 value)
clang: error: no input files
configure:2219: $? = 1
configure:2208: clang++ -arch arm64 -std=gnu++17 -qversion >&5
clang: error: unknown argument '-qversion'; did you mean '--version'?
clang: error: no input files
configure:2219: $? = 1
configure:2239: checking whether the C++ compiler works
configure:2261: clang++ -arch arm64 -std=gnu++17 -falign-functions=64 -Wall -g -O2 -UNDEBUG -Wall -pedantic -g -O0 -fdiagnostics-color=always -I/opt/R/arm64/include -L/opt/R/arm64/lib conftest.cpp  >&5
configure:2265: $? = 0
configure:2315: result: yes
configure:2318: checking for C++ compiler default output file name
configure:2320: result: a.out
configure:2326: checking for suffix of executables
configure:2333: clang++ -arch arm64 -std=gnu++17 -o conftest -falign-functions=64 -Wall -g -O2 -UNDEBUG -Wall -pedantic -g -O0 -fdiagnostics-color=always -I/opt/R/arm64/include -L/opt/R/arm64/lib conftest.cpp  >&5
configure:2337: $? = 0
configure:2360: result: 
configure:2382: checking whether we are cross compiling
configure:2390: clang++ -arch arm64 -std=gnu++17 -o conftest -falign-functions=64 -Wall -g -O2 -UNDEBUG -Wall -pedantic -g -O0 -fdiagnostics-color=always -I/opt/R/arm64/include -L/opt/R/arm64/lib conftest.cpp  >&5
configure:2394: $? = 0
configure:2401: ./conftest
configure:2405: $? = 0
configure:2420: result: no
configure:2425: checking for suffix of object files
configure:2448: clang++ -arch arm64 -std=gnu++17 -c -falign-functions=64 -Wall -g -O2 -UNDEBUG -Wall -pedantic -g -O0 -fdiagnostics-color=always -I/opt/R/arm64/include conftest.cpp >&5
configure:2452: $? = 0
configure:2474: result: o
configure:2478: checking whether the compiler supports GNU C++
configure:2498: clang++ -arch arm64 -std=gnu++17 -c -falign-functions=64 -Wall -g -O2 -UNDEBUG -Wall -pedantic -g -O0 -fdiagnostics-color=always -I/opt/R/arm64/include conftest.cpp >&5
configure:2498: $? = 0
configure:2508: result: yes
configure:2519: checking whether clang++ -arch arm64 -std=gnu++17 accepts -g
configure:2540: clang++ -arch arm64 -std=gnu++17 -c -g -I/opt/R/arm64/include conftest.cpp >&5
configure:2540: $? = 0
configure:2584: result: yes
configure:2604: checking for clang++ -arch arm64 -std=gnu++17 option to enable C++11 features
configure:2619: clang++ -arch arm64 -std=gnu++17  -c -falign-functions=64 -Wall -g -O2 -UNDEBUG -Wall -pedantic -g -O0 -fdiagnostics-color=always -I/opt/R/arm64/include conftest.cpp >&5
[1mconftest.cpp:132:8: [0m[0;1;35mwarning: [0m[1munused variable 'a1' [-Wunused-variable][0m
  auto a1 = 6538;
[0;1;32m       ^
[0m[1mconftest.cpp:136:7: [0m[0;1;35mwarning: [0m[1mvariable 'total' set but not used [-Wunused-but-set-variable][0m
  int total = 0;
[0;1;32m      ^
[0m[1mconftest.cpp:139:16: [0m[0;1;35mwarning: [0m[1munused variable 'a4' [-Wunused-variable][0m
  decltype(a2) a4 = 34895.034;
[0;1;32m               ^
[0m[1mconftest.cpp:143:9: [0m[0;1;35mwarning: [0m[1munused variable 'sa' [-Wunused-variable][0m
  short sa[cxx11test::get_val()] = { 0 };
[0;1;32m        ^
[0m[1mconftest.cpp:147:23: [0m[0;1;35mwarning: [0m[1munused variable 'il' [-Wunused-variable][0m
  cxx11test::testinit il = { 4323, 435234.23544 };
[0;1;32m                      ^
[0m[1mconftest.cpp:168:8: [0m[0;1;35mwarning: [0m[1munused variable 'a' [-Wunused-variable][0m
  auto a = sum(1);
[0;1;32m       ^
[0m[1mconftest.cpp:169:8: [0m[0;1;35mwarning: [0m[1munused variable 'b' [-Wunused-variable][0m
  auto b = sum(1, 2);
[0;1;32m       ^
[0m[1mconftest.cpp:170:8: [0m[0;1;35mwarning: [0m[1munused variable 'c' [-Wunused-variable][0m
  auto c = sum(1.0, 2.0, 3.0);
[0;1;32m       ^
[0m[1mconftest.cpp:175:25: [0m[0;1;35mwarning: [0m[1mempty parentheses interpreted as a function declaration [-Wvexing-parse][0m
  cxx11test::delegate d2();
[0;1;32m                        ^~
[0m[1mconftest.cpp:175:25: [0m[0;1;30mnote: [0mremove parentheses to declare a variable[0m
  cxx11test::delegate d2();
[0;1;32m                        ^~
[0m[1mconftest.cpp:184:9: [0m[0;1;35mwarning: [0m[1munused variable 'c' [-Wunused-variable][0m
  char *c = nullptr;
[0;1;32m        ^
[0m[1mconftest.cpp:192:15: [0m[0;1;35mwarning: [0m[1munused variable 'utf8' [-Wunused-variable][0m
  char const *utf8 = u8"UTF-8 string \u2500";
[0;1;32m              ^
[0m[1mconftest.cpp:193:19: [0m[0;1;35mwarning: [0m[1munused variable 'utf16' [-Wunused-variable][0m
  char16_t const *utf16 = u"UTF-8 string \u2500";
[0;1;32m                  ^
[0m[1mconftest.cpp:194:19: [0m[0;1;35mwarning: [0m[1munused variable 'utf32' [-Wunused-variable][0m
  char32_t const *utf32 = U"UTF-32 string \u2500";
[0;1;32m                  ^
[0m[1mconftest.cpp:94:9: [0m[0;1;35mwarning: [0m[1mprivate field 'i' is not used [-Wunused-private-field][0m
    int i;
[0;1;32m        ^
[0m14 warnings generated.
configure:2619: $? = 0
configure:2637: result: none needed
configure:2704: checking whether CXX supports -std=c++17
configure:2718: clang++ -arch arm64 -std=gnu++17 -c -Werror -std=c++17 -Wno-reorder -fPIC -I/opt/R/arm64/include conftest.cpp >&5
configure:2718: $? = 0
configure:2720: result: yes
configure:2754: checking for clang++ -arch arm64 -std=gnu++17 option to support OpenMP
configure:2776: clang++ -arch arm64 -std=gnu++17 -c   -I/opt/R/arm64/include conftest.cpp >&5
conftest.cpp:11:2: error: "OpenMP not supported"
#error "OpenMP not supported"
 ^
conftest.cpp:13:10: fatal error: 'omp.h' file not found
#include <omp.h>
         ^~~~~~~
2 errors generated.
configure:2776: $? = 1
configure: failed program was:
| /* confdefs.h */
| #define PACKAGE_NAME "BayesSurv"
| #define PACKAGE_TARNAME "bayessurv"
| #define PACKAGE_VERSION "0.0-1"
| #define PACKAGE_STRING "BayesSurv 0.0-1"
| #define PACKAGE_BUGREPORT ""
| #define PACKAGE_URL ""
| /* end confdefs.h.  */
| 
| #ifndef _OPENMP
| #error "OpenMP not supported"
| #endif
| #include <omp.h>
| int main (void) { return omp_get_num_threads (); }
| 
configure:2776: clang++ -arch arm64 -std=gnu++17 -c  -fopenmp -I/opt/R/arm64/include conftest.cpp >&5
clang: error: unsupported option '-fopenmp'
configure:2776: $? = 1
configure: failed program was:
| /* confdefs.h */
| #define PACKAGE_NAME "BayesSurv"
| #define PACKAGE_TARNAME "bayessurv"
| #define PACKAGE_VERSION "0.0-1"
| #define PACKAGE_STRING "BayesSurv 0.0-1"
| #define PACKAGE_BUGREPORT ""
| #define PACKAGE_URL ""
| /* end confdefs.h.  */
| 
| #ifndef _OPENMP
| #error "OpenMP not supported"
| #endif
| #include <omp.h>
| int main (void) { return omp_get_num_threads (); }
| 
configure:2776: clang++ -arch arm64 -std=gnu++17 -c  -xopenmp -I/opt/R/arm64/include conftest.cpp >&5
clang: error: language not recognized: 'openmp'
clang: warning: conftest.cpp: 'linker' input unused [-Wunused-command-line-argument]
configure:2776: $? = 1
configure: failed program was:
| /* confdefs.h */
| #define PACKAGE_NAME "BayesSurv"
| #define PACKAGE_TARNAME "bayessurv"
| #define PACKAGE_VERSION "0.0-1"
| #define PACKAGE_STRING "BayesSurv 0.0-1"
| #define PACKAGE_BUGREPORT ""
| #define PACKAGE_URL ""
| /* end confdefs.h.  */
| 
| #ifndef _OPENMP
| #error "OpenMP not supported"
| #endif
| #include <omp.h>
| int main (void) { return omp_get_num_threads (); }
| 
configure:2776: clang++ -arch arm64 -std=gnu++17 -c  -openmp -I/opt/R/arm64/include conftest.cpp >&5
conftest.cpp:11:2: error: "OpenMP not supported"
#error "OpenMP not supported"
 ^
conftest.cpp:13:10: fatal error: 'omp.h' file not found
#include <omp.h>
         ^~~~~~~
2 errors generated.
configure:2776: $? = 1
configure: failed program was:
| /* confdefs.h */
| #define PACKAGE_NAME "BayesSurv"
| #define PACKAGE_TARNAME "bayessurv"
| #define PACKAGE_VERSION "0.0-1"
| #define PACKAGE_STRING "BayesSurv 0.0-1"
| #define PACKAGE_BUGREPORT ""
| #define PACKAGE_URL ""
| /* end confdefs.h.  */
| 
| #ifndef _OPENMP
| #error "OpenMP not supported"
| #endif
| #include <omp.h>
| int main (void) { return omp_get_num_threads (); }
| 
configure:2776: clang++ -arch arm64 -std=gnu++17 -c  -mp -I/opt/R/arm64/include conftest.cpp >&5
clang: error: unknown argument: '-mp'
configure:2776: $? = 1
configure: failed program was:
| /* confdefs.h */
| #define PACKAGE_NAME "BayesSurv"
| #define PACKAGE_TARNAME "bayessurv"
| #define PACKAGE_VERSION "0.0-1"
| #define PACKAGE_STRING "BayesSurv 0.0-1"
| #define PACKAGE_BUGREPORT ""
| #define PACKAGE_URL ""
| /* end confdefs.h.  */
| 
| #ifndef _OPENMP
| #error "OpenMP not supported"
| #endif
| #include <omp.h>
| int main (void) { return omp_get_num_threads (); }
| 
configure:2776: clang++ -arch arm64 -std=gnu++17 -c  -omp -I/opt/R/arm64/include conftest.cpp >&5
conftest.cpp:11:2: error: "OpenMP not supported"
#error "OpenMP not supported"
 ^
conftest.cpp:13:10: fatal error: 'omp.h' file not found
#include <omp.h>
         ^~~~~~~
2 errors generated.
configure:2776: $? = 1
configure: failed program was:
| /* confdefs.h */
| #define PACKAGE_NAME "BayesSurv"
| #define PACKAGE_TARNAME "bayessurv"
| #define PACKAGE_VERSION "0.0-1"
| #define PACKAGE_STRING "BayesSurv 0.0-1"
| #define PACKAGE_BUGREPORT ""
| #define PACKAGE_URL ""
| /* end confdefs.h.  */
| 
| #ifndef _OPENMP
| #error "OpenMP not supported"
| #endif
| #include <omp.h>
| int main (void) { return omp_get_num_threads (); }
| 
configure:2776: clang++ -arch arm64 -std=gnu++17 -c  -qsmp=omp -I/opt/R/arm64/include conftest.cpp >&5
clang: error: unknown argument: '-qsmp=omp'
configure:2776: $? = 1
configure: failed program was:
| /* confdefs.h */
| #define PACKAGE_NAME "BayesSurv"
| #define PACKAGE_TARNAME "bayessurv"
| #define PACKAGE_VERSION "0.0-1"
| #define PACKAGE_STRING "BayesSurv 0.0-1"
| #define PACKAGE_BUGREPORT ""
| #define PACKAGE_URL ""
| /* end confdefs.h.  */
| 
| #ifndef _OPENMP
| #error "OpenMP not supported"
| #endif
| #include <omp.h>
| int main (void) { return omp_get_num_threads (); }
| 
configure:2776: clang++ -arch arm64 -std=gnu++17 -c  -homp -I/opt/R/arm64/include conftest.cpp >&5
clang: error: unknown argument: '-homp'
configure:2776: $? = 1
configure: failed program was:
| /* confdefs.h */
| #define PACKAGE_NAME "BayesSurv"
| #define PACKAGE_TARNAME "bayessurv"
| #define PACKAGE_VERSION "0.0-1"
| #define PACKAGE_STRING "BayesSurv 0.0-1"
| #define PACKAGE_BUGREPORT ""
| #define PACKAGE_URL ""
| /* end confdefs.h.  */
| 
| #ifndef _OPENMP
| #error "OpenMP not supported"
| #endif
| #include <omp.h>
| int main (void) { return omp_get_num_threads (); }
| 
configure:2776: clang++ -arch arm64 -std=gnu++17 -c  -Popenmp -I/opt/R/arm64/include conftest.cpp >&5
clang: error: unknown argument '-Popenmp'; did you mean '-fopenmp'?
configure:2776: $? = 1
configure: failed program was:
| /* confdefs.h */
| #define PACKAGE_NAME "BayesSurv"
| #define PACKAGE_TARNAME "bayessurv"
| #define PACKAGE_VERSION "0.0-1"
| #define PACKAGE_STRING "BayesSurv 0.0-1"
| #define PACKAGE_BUGREPORT ""
| #define PACKAGE_URL ""
| /* end confdefs.h.  */
| 
| #ifndef _OPENMP
| #error "OpenMP not supported"
| #endif
| #include <omp.h>
| int main (void) { return omp_get_num_threads (); }
| 
configure:2776: clang++ -arch arm64 -std=gnu++17 -c  --openmp -I/opt/R/arm64/include conftest.cpp >&5
clang: error: unsupported option '--openmp'; did you mean '-fopenmp'?
configure:2776: $? = 1
configure: failed program was:
| /* confdefs.h */
| #define PACKAGE_NAME "BayesSurv"
| #define PACKAGE_TARNAME "bayessurv"
| #define PACKAGE_VERSION "0.0-1"
| #define PACKAGE_STRING "BayesSurv 0.0-1"
| #define PACKAGE_BUGREPORT ""
| #define PACKAGE_URL ""
| /* end confdefs.h.  */
| 
| #ifndef _OPENMP
| #error "OpenMP not supported"
| #endif
| #include <omp.h>
| int main (void) { return omp_get_num_threads (); }
| 
configure:2811: result: unsupported
configure:2845: WARNING: No OpenMP support. If using GCC, upgrade to >= 4.2. If using clang, upgrade to >= 3.8.0
configure:2847: result: 
configure:2849: result: It seems OpenMP is unsupported on your system,
configure:2851: result: in order to enable parall execution of the C++ library
configure:2853: result: please install a more recent gcc if on Linux, or see
configure:2855: result: https://cran.r-project.org/bin/macosx/tools/ ,
configure:2857: result: https://cran.r-project.org/bin/windows/Rtools/
configure:2859: result: 
configure:3018: creating ./config.status

## ---------------------- ##
## Running config.status. ##
## ---------------------- ##

This file was extended by BayesSurv config.status 0.0-1, which was
generated by GNU Autoconf 2.71.  Invocation command line was

  CONFIG_FILES    = 
  CONFIG_HEADERS  = 
  CONFIG_LINKS    = 
  CONFIG_COMMANDS = 
  $ ./config.status 

on eduroam-193-157-193-66.wlan.uio.no

config.status:715: creating src/Makevars

## ---------------- ##
## Cache variables. ##
## ---------------- ##

ac_cv_cxx_compiler_gnu=yes
ac_cv_env_CCC_set=
ac_cv_env_CCC_value=
ac_cv_env_CPPFLAGS_set=set
ac_cv_env_CPPFLAGS_value=-I/opt/R/arm64/include
ac_cv_env_CXXFLAGS_set=set
ac_cv_env_CXXFLAGS_value='-falign-functions=64 -Wall -g -O2 -UNDEBUG -Wall -pedantic -g -O0 -fdiagnostics-color=always'
ac_cv_env_CXX_set=set
ac_cv_env_CXX_value='clang++ -arch arm64 -std=gnu++17'
ac_cv_env_LDFLAGS_set=set
ac_cv_env_LDFLAGS_value=-L/opt/R/arm64/lib
ac_cv_env_LIBS_set=
ac_cv_env_LIBS_value=
ac_cv_env_build_alias_set=
ac_cv_env_build_alias_value=
ac_cv_env_host_alias_set=
ac_cv_env_host_alias_value=
ac_cv_env_target_alias_set=
ac_cv_env_target_alias_value=
ac_cv_objext=o
ac_cv_prog_cxx_11=no
ac_cv_prog_cxx_cxx11=
ac_cv_prog_cxx_g=yes
ac_cv_prog_cxx_openmp=unsupported
ac_cv_prog_cxx_stdcxx=

## ----------------- ##
## Output variables. ##
## ----------------- ##

CPPFLAGS='-I/opt/R/arm64/include'
CXX='clang++ -arch arm64 -std=gnu++17'
CXXFLAGS=''
DEFS='-DPACKAGE_NAME=\"BayesSurv\" -DPACKAGE_TARNAME=\"bayessurv\" -DPACKAGE_VERSION=\"0.0-1\" -DPACKAGE_STRING=\"BayesSurv\ 0.0-1\" -DPACKAGE_BUGREPORT=\"\" -DPACKAGE_URL=\"\"'
ECHO_C='\c'
ECHO_N=''
ECHO_T=''
EXEEXT=''
LDFLAGS='-L/opt/R/arm64/lib'
LIBOBJS=''
LIBS=''
LTLIBOBJS=''
OBJEXT='o'
OPENMP_CXXFLAGS=''
OPENMP_FLAG=''
PACKAGE_BUGREPORT=''
PACKAGE_NAME='BayesSurv'
PACKAGE_STRING='BayesSurv 0.0-1'
PACKAGE_TARNAME='bayessurv'
PACKAGE_URL=''
PACKAGE_VERSION='0.0-1'
PATH_SEPARATOR=':'
SHELL='/bin/sh'
ac_ct_CXX=''
bindir='${exec_prefix}/bin'
build_alias=''
datadir='${datarootdir}'
datarootdir='${prefix}/share'
docdir='${datarootdir}/doc/${PACKAGE_TARNAME}'
dvidir='${docdir}'
exec_prefix='${prefix}'
host_alias=''
htmldir='${docdir}'
includedir='${prefix}/include'
infodir='${datarootdir}/info'
libdir='${exec_prefix}/lib'
libexecdir='${exec_prefix}/libexec'
localedir='${datarootdir}/locale'
localstatedir='${prefix}/var'
mandir='${datarootdir}/man'
oldincludedir='/usr/include'
pdfdir='${docdir}'
prefix='/usr/local'
program_transform_name='s,x,x,'
psdir='${docdir}'
runstatedir='${localstatedir}/run'
sbindir='${exec_prefix}/sbin'
sharedstatedir='${prefix}/com'
sysconfdir='${prefix}/etc'
target_alias=''

## ----------- ##
## confdefs.h. ##
## ----------- ##

/* confdefs.h */
#define PACKAGE_NAME "BayesSurv"
#define PACKAGE_TARNAME "bayessurv"
#define PACKAGE_VERSION "0.0-1"
#define PACKAGE_STRING "BayesSurv 0.0-1"
#define PACKAGE_BUGREPORT ""
#define PACKAGE_URL ""

configure: exit 0
